<?xml version="1.0" encoding="UTF-8"?>
<!-- Generated by org.testng.reporters.JUnitXMLReporter -->
<testsuite ignored="1" hostname="LAPTOP-E8M4K11U" failures="2" tests="15" name="Loantest" time="0.15" errors="0" timestamp="2022-09-18T01:31:11 IST">
  <testcase classname="test.day1" name="Apitestloan" time="0.009"/>
  <testcase classname="test.day1" name="Mobiletestloan" time="0.005">
    <failure type="java.lang.AssertionError" message="expected [true] but found [false]">
      <![CDATA[java.lang.AssertionError: expected [true] but found [false]
at test.day1.Mobiletestloan(day1.java:12)
at java.base/java.util.ArrayList.forEach(ArrayList.java:1511)
... Removed 31 stack frames]]>
    </failure>
  </testcase> <!-- Mobiletestloan -->
  <testcase classname="test.day1" name="Mobiletestloan1" time="0.01"/>
  <testcase classname="test.day1" name="Mobiletestloan2" time="0.002"/>
  <testcase classname="test.day2" name="Apihomeloan" time="0.001"/>
  <testcase classname="test.day2" name="Mobilehomeloan" time="0.001"/>
  <testcase classname="test.day2" name="Webhomeloan" time="0.003"/>
  <testcase classname="test.day2" name="Webhomeloan" time="0.002"/>
  <testcase classname="test.day2" name="Webhomeloan" time="0.003"/>
  <testcase classname="test.day3" name="Apilogin" time="0.001"/>
  <testcase classname="test.day3" name="Mobilelogin" time="0.002"/>
  <testcase classname="test.day3" name="Weblogin" time="0.001"/>
  <testcase classname="test.day4" name="Apicarloan" time="0.001"/>
  <testcase classname="test.day4" name="Mobilecarloan" time="0.0"/>
  <testcase classname="test.day4" name="Webcarloan" time="0.0">
    <failure type="org.testng.TestNGException" message="
Parameter &amp;apos;URL&amp;apos; is required by @Test on method Webcarloan but has not been marked @Optional or defined
in C:\Users\LENOVO\eclipse-workspace\TestNGTut\testng2.xml">
      <![CDATA[org.testng.TestNGException: 
Parameter 'URL' is required by @Test on method Webcarloan but has not been marked @Optional or defined
in C:\Users\LENOVO\eclipse-workspace\TestNGTut\testng2.xml
at java.base/java.util.ArrayList.forEach(ArrayList.java:1511)
... Removed 26 stack frames]]>
    </failure>
  </testcase> <!-- Webcarloan -->
  <testcase classname="test.day1" name="Webtestloan" time="0.0">
    <ignored/>
  </testcase> <!-- Webtestloan -->
</testsuite> <!-- Loantest -->
