<?xml version="1.0" encoding="UTF-8"?>
<!-- Generated by org.testng.reporters.JUnitXMLReporter -->
<testsuite ignored="0" hostname="LAPTOP-E8M4K11U" failures="0" tests="2" name="ErorMessegeTest" time="0.586" errors="0" timestamp="2022-10-21T02:43:34 IST">
  <testcase classname="Frameworkproj.Maintest.BaseTest" name="@BeforeTest loginPage" time="0.527">
    <failure type="java.lang.NullPointerException" message="Cannot invoke &amp;quot;org.openqa.selenium.WebDriver.manage()&amp;quot; because &amp;quot;this.driver&amp;quot; is null">
      <![CDATA[java.lang.NullPointerException: Cannot invoke "org.openqa.selenium.WebDriver.manage()" because "this.driver" is null
at Frameworkproj.Maintest.BaseTest.initializedriver(BaseTest.java:54)
at Frameworkproj.Maintest.BaseTest.loginPage(BaseTest.java:70)
at java.base/java.util.concurrent.FutureTask.run(FutureTask.java:264)
at java.base/java.util.concurrent.ThreadPoolExecutor.runWorker(ThreadPoolExecutor.java:1136)
at java.base/java.util.concurrent.ThreadPoolExecutor$Worker.run(ThreadPoolExecutor.java:635)
at java.base/java.lang.Thread.run(Thread.java:833)
... Removed 13 stack frames]]>
    </failure>
  </testcase> <!-- @BeforeTest loginPage -->
  <testcase classname="Frameworkproj.Maintest.BaseTest" name="@AfterTest exitTest" time="0.002">
    <failure type="java.lang.NullPointerException" message="Cannot invoke &amp;quot;org.openqa.selenium.WebDriver.quit()&amp;quot; because &amp;quot;this.driver&amp;quot; is null">
      <![CDATA[java.lang.NullPointerException: Cannot invoke "org.openqa.selenium.WebDriver.quit()" because "this.driver" is null
at Frameworkproj.Maintest.BaseTest.exitTest(BaseTest.java:78)
at java.base/java.util.concurrent.FutureTask.run(FutureTask.java:264)
at java.base/java.util.concurrent.ThreadPoolExecutor.runWorker(ThreadPoolExecutor.java:1136)
at java.base/java.util.concurrent.ThreadPoolExecutor$Worker.run(ThreadPoolExecutor.java:635)
at java.base/java.lang.Thread.run(Thread.java:833)
... Removed 13 stack frames]]>
    </failure>
  </testcase> <!-- @AfterTest exitTest -->
  <testcase classname="Frameworkproj.Tests.ErrorMessegeValidationTest" name="Login" time="0.0">
    <skipped/>
  </testcase> <!-- Login -->
  <testcase classname="Frameworkproj.Tests.ErrorMessegeValidationTest" name="LoginCheck" time="0.0">
    <skipped/>
  </testcase> <!-- LoginCheck -->
</testsuite> <!-- ErorMessegeTest -->
